<?xml version='1.0'?>
<ns2:test-suite xmlns:ns2='urn:model.allure.qatools.yandex.ru' start='1662554999365' stop='1662556395955'>
    <name>insert movments</name>
    <title>insert movments</title>
    <test-cases>
        <test-case start='1662554999365' status='failed' stop='1662555067061'>
            <name>TC_013</name>
            <title>TC_013</title>
            <labels/>
            <parameters/>
            <steps/>
            <attachments/>
            <failure>
                <message>Timed out retrying after 10000ms: expected '&lt;span.full_screen_icon>' to be 'visible'
                
                This element `&lt;span.full_screen_icon>` is not visible because its parent `&lt;span.dialogBox__header__close.resize-icn>` has CSS property: `display: none`</message>
                <stack-trace>AssertionError: Timed out retrying after 10000ms: expected '&lt;span.full_screen_icon>' to be 'visible'
                
                This element `&lt;span.full_screen_icon>` is not visible because its parent `&lt;span.dialogBox__header__close.resize-icn>` has CSS property: `display: none`
                    at Context.eval (http://185.114.89.129:31080/__cypress/tests?p=cypress/integration/FDM/FDM_InsertMovement.cy.js:120:33)</stack-trace>
            </failure>
        </test-case>
        <test-case start='1662555067289' status='passed' stop='1662555079804'>
            <name>TC_014</name>
            <title>TC_014</title>
            <labels/>
            <parameters/>
            <steps/>
            <attachments/>
        </test-case>
        <test-case start='1662555080686' status='passed' stop='1662555095232'>
            <name>TC_015</name>
            <title>TC_015</title>
            <labels/>
            <parameters/>
            <steps/>
            <attachments/>
        </test-case>
        <test-case start='1662555095327' status='passed' stop='1662555107836'>
            <name>TC_016</name>
            <title>TC_016</title>
            <labels/>
            <parameters/>
            <steps/>
            <attachments/>
        </test-case>
        <test-case start='1662555109156' status='passed' stop='1662555123250'>
            <name>TC_017</name>
            <title>TC_017</title>
            <labels/>
            <parameters/>
            <steps/>
            <attachments/>
        </test-case>
        <test-case start='1662555124610' status='passed' stop='1662555133653'>
            <name>TC_018</name>
            <title>TC_018</title>
            <labels/>
            <parameters/>
            <steps/>
            <attachments/>
        </test-case>
        <test-case start='1662555134204' status='passed' stop='1662555149752'>
            <name>TC_019</name>
            <title>TC_019</title>
            <labels/>
            <parameters/>
            <steps/>
            <attachments/>
        </test-case>
        <test-case start='1662555150218' status='passed' stop='1662555164860'>
            <name>TC_020</name>
            <title>TC_020</title>
            <labels/>
            <parameters/>
            <steps/>
            <attachments/>
        </test-case>
        <test-case start='1662555165362' status='passed' stop='1662555190825'>
            <name>TC_021</name>
            <title>TC_021</title>
            <labels/>
            <parameters/>
            <steps/>
            <attachments/>
        </test-case>
        <test-case start='1662555191192' status='passed' stop='1662555210486'>
            <name>TC_022</name>
            <title>TC_022</title>
            <labels/>
            <parameters/>
            <steps/>
            <attachments/>
        </test-case>
        <test-case start='1662555210855' status='passed' stop='1662555242199'>
            <name>TC_023</name>
            <title>TC_023</title>
            <labels/>
            <parameters/>
            <steps/>
            <attachments/>
        </test-case>
        <test-case start='1662555242642' status='passed' stop='1662555263756'>
            <name>TC_024</name>
            <title>TC_024</title>
            <labels/>
            <parameters/>
            <steps/>
            <attachments/>
        </test-case>
        <test-case start='1662555264137' status='passed' stop='1662555294987'>
            <name>TC_025</name>
            <title>TC_025</title>
            <labels/>
            <parameters/>
            <steps/>
            <attachments/>
        </test-case>
        <test-case start='1662555295348' status='passed' stop='1662555311897'>
            <name>TC_026</name>
            <title>TC_026</title>
            <labels/>
            <parameters/>
            <steps/>
            <attachments/>
        </test-case>
        <test-case start='1662555312286' status='passed' stop='1662555329127'>
            <name>TC_027</name>
            <title>TC_027</title>
            <labels/>
            <parameters/>
            <steps/>
            <attachments/>
        </test-case>
        <test-case start='1662555329578' status='passed' stop='1662555347106'>
            <name>TC_028</name>
            <title>TC_028</title>
            <labels/>
            <parameters/>
            <steps/>
            <attachments/>
        </test-case>
        <test-case start='1662555347482' status='passed' stop='1662555359302'>
            <name>TC_029</name>
            <title>TC_029</title>
            <labels/>
            <parameters/>
            <steps/>
            <attachments/>
        </test-case>
        <test-case start='1662555360326' status='passed' stop='1662555385129'>
            <name>TC_030</name>
            <title>TC_030</title>
            <labels/>
            <parameters/>
            <steps/>
            <attachments/>
        </test-case>
        <test-case start='1662555385586' status='passed' stop='1662555401887'>
            <name>TC_031</name>
            <title>TC_031</title>
            <labels/>
            <parameters/>
            <steps/>
            <attachments/>
        </test-case>
        <test-case start='1662555402414' status='passed' stop='1662555417793'>
            <name>TC_032</name>
            <title>TC_032</title>
            <labels/>
            <parameters/>
            <steps/>
            <attachments/>
        </test-case>
        <test-case start='1662555418304' status='passed' stop='1662555448596'>
            <name>TC_033</name>
            <title>TC_033</title>
            <labels/>
            <parameters/>
            <steps/>
            <attachments/>
        </test-case>
        <test-case start='1662555449008' status='passed' stop='1662555470857'>
            <name>TC_034</name>
            <title>TC_034</title>
            <labels/>
            <parameters/>
            <steps/>
            <attachments/>
        </test-case>
        <test-case start='1662555471318' status='passed' stop='1662555502385'>
            <name>TC_035</name>
            <title>TC_035</title>
            <labels/>
            <parameters/>
            <steps/>
            <attachments/>
        </test-case>
        <test-case start='1662555502832' status='passed' stop='1662555534744'>
            <name>TC_036</name>
            <title>TC_036</title>
            <labels/>
            <parameters/>
            <steps/>
            <attachments/>
        </test-case>
        <test-case start='1662555534972' status='passed' stop='1662555548959'>
            <name>TC_037</name>
            <title>TC_037</title>
            <labels/>
            <parameters/>
            <steps/>
            <attachments/>
        </test-case>
        <test-case start='1662555549434' status='passed' stop='1662555584417'>
            <name>TC_038</name>
            <title>TC_038</title>
            <labels/>
            <parameters/>
            <steps/>
            <attachments/>
        </test-case>
        <test-case start='1662555584911' status='passed' stop='1662555600293'>
            <name>TC_039</name>
            <title>TC_039</title>
            <labels/>
            <parameters/>
            <steps/>
            <attachments/>
        </test-case>
        <test-case start='1662555600906' status='passed' stop='1662555622657'>
            <name>TC_040</name>
            <title>TC_040</title>
            <labels/>
            <parameters/>
            <steps/>
            <attachments/>
        </test-case>
        <test-case start='1662555623140' status='passed' stop='1662555637760'>
            <name>TC_041</name>
            <title>TC_041</title>
            <labels/>
            <parameters/>
            <steps/>
            <attachments/>
        </test-case>
        <test-case start='1662555638229' status='passed' stop='1662555652191'>
            <name>TC_042</name>
            <title>TC_042</title>
            <labels/>
            <parameters/>
            <steps/>
            <attachments/>
        </test-case>
        <test-case start='1662555652717' status='passed' stop='1662555668928'>
            <name>TC_043</name>
            <title>TC_043</title>
            <labels/>
            <parameters/>
            <steps/>
            <attachments/>
        </test-case>
        <test-case start='1662555669586' status='passed' stop='1662555680577'>
            <name>TC_044</name>
            <title>TC_044</title>
            <labels/>
            <parameters/>
            <steps/>
            <attachments/>
        </test-case>
        <test-case start='1662555681004' status='passed' stop='1662555696599'>
            <name>TC_045</name>
            <title>TC_045</title>
            <labels/>
            <parameters/>
            <steps/>
            <attachments/>
        </test-case>
        <test-case start='1662555697091' status='passed' stop='1662555723842'>
            <name>TC_046</name>
            <title>TC_046</title>
            <labels/>
            <parameters/>
            <steps/>
            <attachments/>
        </test-case>
        <test-case start='1662555724348' status='passed' stop='1662555753844'>
            <name>TC_047</name>
            <title>TC_047</title>
            <labels/>
            <parameters/>
            <steps/>
            <attachments/>
        </test-case>
        <test-case start='1662555754206' status='passed' stop='1662555783462'>
            <name>TC_048</name>
            <title>TC_048</title>
            <labels/>
            <parameters/>
            <steps/>
            <attachments/>
        </test-case>
        <test-case start='1662555783927' status='pending' stop='1662555783927'>
            <name>TC_049</name>
            <title>TC_049</title>
            <labels/>
            <parameters/>
            <steps/>
            <attachments/>
            <failure>
                <message>Test ignored</message>
                <stack-trace>undefined</stack-trace>
            </failure>
        </test-case>
        <test-case start='1662555783927' status='undefined'>
            <name>TC_049</name>
            <title>TC_049</title>
            <labels/>
            <parameters/>
            <steps/>
            <attachments/>
        </test-case>
        <test-case start='1662555783927' status='passed' stop='1662555806496'>
            <name>TC_050</name>
            <title>TC_050</title>
            <labels/>
            <parameters/>
            <steps/>
            <attachments/>
        </test-case>
        <test-case start='1662555806507' status='passed' stop='1662555823129'>
            <name>TC_051</name>
            <title>TC_051</title>
            <labels/>
            <parameters/>
            <steps/>
            <attachments/>
        </test-case>
        <test-case start='1662555824191' status='passed' stop='1662555848390'>
            <name>TC_052</name>
            <title>TC_052</title>
            <labels/>
            <parameters/>
            <steps/>
            <attachments/>
        </test-case>
        <test-case start='1662555848873' status='passed' stop='1662555863034'>
            <name>TC_053</name>
            <title>TC_053</title>
            <labels/>
            <parameters/>
            <steps/>
            <attachments/>
        </test-case>
        <test-case start='1662555863515' status='passed' stop='1662555888011'>
            <name>TC_054</name>
            <title>TC_054</title>
            <labels/>
            <parameters/>
            <steps/>
            <attachments/>
        </test-case>
        <test-case start='1662555888487' status='passed' stop='1662555919883'>
            <name>TC_055</name>
            <title>TC_055</title>
            <labels/>
            <parameters/>
            <steps/>
            <attachments/>
        </test-case>
        <test-case start='1662555920354' status='passed' stop='1662555943308'>
            <name>TC_056</name>
            <title>TC_056</title>
            <labels/>
            <parameters/>
            <steps/>
            <attachments/>
        </test-case>
        <test-case start='1662555943773' status='passed' stop='1662555982500'>
            <name>TC_057</name>
            <title>TC_057</title>
            <labels/>
            <parameters/>
            <steps/>
            <attachments/>
        </test-case>
        <test-case start='1662555982899' status='pending' stop='1662555982899'>
            <name>TC_058</name>
            <title>TC_058</title>
            <labels/>
            <parameters/>
            <steps/>
            <attachments/>
            <failure>
                <message>Test ignored</message>
                <stack-trace>undefined</stack-trace>
            </failure>
        </test-case>
        <test-case start='1662555982899' status='undefined'>
            <name>TC_058</name>
            <title>TC_058</title>
            <labels/>
            <parameters/>
            <steps/>
            <attachments/>
        </test-case>
        <test-case start='1662555982900' status='broken' stop='1662556040902'>
            <name>TC_059</name>
            <title>TC_059</title>
            <labels/>
            <parameters/>
            <steps/>
            <attachments/>
            <failure>
                <message>`cy.type()` can only accept a string or number. You passed in: `undefined`
                
                https://on.cypress.io/type</message>
                <stack-trace>CypressError: `cy.type()` can only accept a string or number. You passed in: `undefined`
                
                https://on.cypress.io/type
                    at Context.type (http://185.114.89.129:31080/__cypress/runner/cypress_runner.js:147645:76)
                    at wrapped (http://185.114.89.129:31080/__cypress/runner/cypress_runner.js:167351:19)
                From Your Spec Code:
                    at insertMovement.fillAllArrivalMandatoryfields (http://185.114.89.129:31080/__cypress/tests?p=cypress/integration/FDM/FDM_InsertMovement.cy.js:1419:35)
                    at Context.eval (http://185.114.89.129:31080/__cypress/tests?p=cypress/integration/FDM/FDM_InsertMovement.cy.js:1103:8)</stack-trace>
            </failure>
        </test-case>
        <test-case start='1662556041497' status='failed' stop='1662556161409'>
            <name>TC_060</name>
            <title>TC_060</title>
            <labels/>
            <parameters/>
            <steps/>
            <attachments/>
            <failure>
                <message>Timed out retrying after 10000ms: Not enough elements found. Found '29', expected '30'.</message>
                <stack-trace>AssertionError: Timed out retrying after 10000ms: Not enough elements found. Found '29', expected '30'.
                    at Context.eval (http://185.114.89.129:31080/__cypress/tests?p=cypress/integration/FDM/FDM_InsertMovement.cy.js:1135:29)</stack-trace>
            </failure>
        </test-case>
        <test-case start='1662556161751' status='passed' stop='1662556185801'>
            <name>TC_061</name>
            <title>TC_061</title>
            <labels/>
            <parameters/>
            <steps/>
            <attachments/>
        </test-case>
        <test-case start='1662556186256' status='failed' stop='1662556340536'>
            <name>TC_062</name>
            <title>TC_062</title>
            <labels/>
            <parameters/>
            <steps/>
            <attachments/>
            <failure>
                <message>Timed out retrying after 10000ms: Expected to find content: '/0B 571/g' within the element: [ &lt;div.ag-cell.ag-cell-not-inline-editing.ag-cell-normal-height.ag-cell-value>, 28 more... ] but never did.</message>
                <stack-trace>AssertionError: Timed out retrying after 10000ms: Expected to find content: '/0B 571/g' within the element: [ &lt;div.ag-cell.ag-cell-not-inline-editing.ag-cell-normal-height.ag-cell-value>, 28 more... ] but never did.
                    at Context.eval (http://185.114.89.129:31080/__cypress/tests?p=cypress/integration/FDM/FDM_InsertMovement.cy.js:1170:73)</stack-trace>
            </failure>
        </test-case>
        <test-case start='1662556340785' status='passed' stop='1662556395955'>
            <name>TC_063</name>
            <title>TC_063</title>
            <labels/>
            <parameters/>
            <steps/>
            <attachments/>
        </test-case>
    </test-cases>
</ns2:test-suite>